p cnf 1763 3141
-48 -46 -1763 0
-48 -46 1763 0
-48 -38 -1762 0
-48 -38 1762 0
-48 -47 -1761 0
-48 -47 1761 0
-48 -49 -1760 0
-48 -49 1760 0
-48 -43 -1759 0
-48 -43 1759 0
-23 -22 -1758 0
-23 -22 1758 0
-23 -24 -1757 0
-23 -24 1757 0
-23 -18 -1756 0
-23 -18 1756 0
-47 -49 -1755 0
-47 -49 1755 0
-47 -37 -1754 0
-47 -37 1754 0
-47 -46 -1753 0
-47 -46 1753 0
-47 -48 -1752 0
-47 -48 1752 0
-47 -42 -1751 0
-47 -42 1751 0
-22 -21 -1750 0
-22 -21 1750 0
-22 -23 -1749 0
-22 -23 1749 0
-22 -17 -1748 0
-22 -17 1748 0
-21 -22 -1747 0
-21 -22 1747 0
-21 -16 -1746 0
-21 -16 1746 0
-125 -121 -1745 0
-125 -121 1745 0
-125 -105 -1744 0
-125 -105 1744 0
-125 -122 -1743 0
-125 -122 1743 0
-125 -110 -1742 0
-125 -110 1742 0
-125 -123 -1741 0
-125 -123 1741 0
-125 -115 -1740 0
-125 -115 1740 0
-125 -124 -1739 0
-125 -124 1739 0
-125 -120 -1738 0
-125 -120 1738 0
-100 -96 -1737 0
-100 -96 1737 0
-100 -80 -1736 0
-100 -80 1736 0
-100 -97 -1735 0
-100 -97 1735 0
-100 -85 -1734 0
-100 -85 1734 0
-100 -98 -1733 0
-100 -98 1733 0
-100 -90 -1732 0
-100 -90 1732 0
-100 -99 -1731 0
-100 -99 1731 0
-100 -95 -1730 0
-100 -95 1730 0
-75 -72 -1729 0
-75 -72 1729 0
-75 -60 -1728 0
-75 -60 1728 0
-75 -73 -1727 0
-75 -73 1727 0
-75 -65 -1726 0
-75 -65 1726 0
-75 -74 -1725 0
-75 -74 1725 0
-75 -70 -1724 0
-75 -70 1724 0
-50 -48 -1723 0
-50 -48 1723 0
-50 -40 -1722 0
-50 -40 1722 0
-50 -49 -1721 0
-50 -49 1721 0
-50 -45 -1720 0
-50 -45 1720 0
-25 -24 -1719 0
-25 -24 1719 0
-25 -20 -1718 0
-25 -20 1718 0
-124 -104 -1717 0
-124 -104 1717 0
-124 -121 -1716 0
-124 -121 1716 0
-124 -109 -1715 0
-124 -109 1715 0
-124 -122 -1714 0
-124 -122 1714 0
-124 -114 -1713 0
-124 -114 1713 0
-124 -123 -1712 0
-124 -123 1712 0
-124 -119 -1711 0
-124 -119 1711 0
-99 -79 -1710 0
-99 -79 1710 0
-99 -96 -1709 0
-99 -96 1709 0
-99 -84 -1708 0
-99 -84 1708 0
-99 -97 -1707 0
-99 -97 1707 0
-99 -89 -1706 0
-99 -89 1706 0
-99 -98 -1705 0
-99 -98 1705 0
-99 -94 -1704 0
-99 -94 1704 0
-74 -71 -1703 0
-74 -71 1703 0
-74 -59 -1702 0
-74 -59 1702 0
-74 -72 -1701 0
-74 -72 1701 0
-74 -64 -1700 0
-74 -64 1700 0
-74 -73 -1699 0
-74 -73 1699 0
-74 -69 -1698 0
-74 -69 1698 0
-49 -47 -1697 0
-49 -47 1697 0
-49 -39 -1696 0
-49 -39 1696 0
-49 -48 -1695 0
-49 -48 1695 0
-49 -44 -1694 0
-49 -44 1694 0
-24 -23 -1693 0
-24 -23 1693 0
-24 -19 -1692 0
-24 -19 1692 0
-120 -116 -1691 0
-120 -116 1691 0
-120 -117 -1690 0
-120 -117 1690 0
-120 -105 -1689 0
-120 -105 1689 0
-120 -118 -1688 0
-120 -118 1688 0
-120 -110 -1687 0
-120 -110 1687 0
-120 -119 -1686 0
-120 -119 1686 0
-120 -125 -1685 0
-120 -125 1685 0
-120 -115 -1684 0
-120 -115 1684 0
-95 -91 -1683 0
-95 -91 1683 0
-95 -92 -1682 0
-95 -92 1682 0
-95 -80 -1681 0
-95 -80 1681 0
-95 -93 -1680 0
-95 -93 1680 0
-95 -85 -1679 0
-95 -85 1679 0
-95 -94 -1678 0
-95 -94 1678 0
-95 -100 -1677 0
-95 -100 1677 0
-95 -90 -1676 0
-95 -90 1676 0
-70 -67 -1675 0
-70 -67 1675 0
-70 -55 -1674 0
-70 -55 1674 0
-70 -68 -1673 0
-70 -68 1673 0
-70 -60 -1672 0
-70 -60 1672 0
-70 -69 -1671 0
-70 -69 1671 0
-70 -75 -1670 0
-70 -75 1670 0
-70 -65 -1669 0
-70 -65 1669 0
-45 -43 -1668 0
-45 -43 1668 0
-45 -35 -1667 0
-45 -35 1667 0
-45 -44 -1666 0
-45 -44 1666 0
-45 -50 -1665 0
-45 -50 1665 0
-45 -40 -1664 0
-45 -40 1664 0
-20 -19 -1663 0
-20 -19 1663 0
-20 -25 -1662 0
-20 -25 1662 0
-20 -15 -1661 0
-20 -15 1661 0
-115 -111 -1660 0
-115 -111 1660 0
-115 -112 -1659 0
-115 -112 1659 0
-115 -113 -1658 0
-115 -113 1658 0
-115 -125 -1657 0
-115 -125 1657 0
-115 -105 -1656 0
-115 -105 1656 0
-115 -114 -1655 0
-115 -114 1655 0
-115 -120 -1654 0
-115 -120 1654 0
-115 -110 -1653 0
-115 -110 1653 0
-90 -86 -1652 0
-90 -86 1652 0
-90 -87 -1651 0
-90 -87 1651 0
-90 -88 -1650 0
-90 -88 1650 0
-90 -100 -1649 0
-90 -100 1649 0
-90 -80 -1648 0
-90 -80 1648 0
-90 -89 -1647 0
-90 -89 1647 0
-90 -95 -1646 0
-90 -95 1646 0
-90 -85 -1645 0
-90 -85 1645 0
-65 -62 -1644 0
-65 -62 1644 0
-65 -63 -1643 0
-65 -63 1643 0
-65 -75 -1642 0
-65 -75 1642 0
-65 -55 -1641 0
-65 -55 1641 0
-65 -64 -1640 0
-65 -64 1640 0
-65 -70 -1639 0
-65 -70 1639 0
-65 -60 -1638 0
-65 -60 1638 0
-40 -38 -1637 0
-40 -38 1637 0
-40 -50 -1636 0
-40 -50 1636 0
-40 -30 -1635 0
-40 -30 1635 0
-40 -39 -1634 0
-40 -39 1634 0
-40 -45 -1633 0
-40 -45 1633 0
-40 -35 -1632 0
-40 -35 1632 0
-15 -14 -1631 0
-15 -14 1631 0
-15 -20 -1630 0
-15 -20 1630 0
-15 -10 -1629 0
-15 -10 1629 0
-114 -111 -1628 0
-114 -111 1628 0
-114 -112 -1627 0
-114 -112 1627 0
-114 -124 -1626 0
-114 -124 1626 0
-114 -104 -1625 0
-114 -104 1625 0
-114 -113 -1624 0
-114 -113 1624 0
-114 -115 -1623 0
-114 -115 1623 0
-114 -119 -1622 0
-114 -119 1622 0
-114 -109 -1621 0
-114 -109 1621 0
-89 -86 -1620 0
-89 -86 1620 0
-89 -87 -1619 0
-89 -87 1619 0
-89 -99 -1618 0
-89 -99 1618 0
-89 -79 -1617 0
-89 -79 1617 0
-89 -88 -1616 0
-89 -88 1616 0
-89 -90 -1615 0
-89 -90 1615 0
-89 -94 -1614 0
-89 -94 1614 0
-89 -84 -1613 0
-89 -84 1613 0
-64 -61 -1612 0
-64 -61 1612 0
-64 -62 -1611 0
-64 -62 1611 0
-64 -74 -1610 0
-64 -74 1610 0
-64 -54 -1609 0
-64 -54 1609 0
-64 -63 -1608 0
-64 -63 1608 0
-64 -65 -1607 0
-64 -65 1607 0
-64 -69 -1606 0
-64 -69 1606 0
-64 -59 -1605 0
-64 -59 1605 0
-39 -37 -1604 0
-39 -37 1604 0
-39 -49 -1603 0
-39 -49 1603 0
-39 -29 -1602 0
-39 -29 1602 0
-39 -38 -1601 0
-39 -38 1601 0
-39 -40 -1600 0
-39 -40 1600 0
-39 -44 -1599 0
-39 -44 1599 0
-39 -34 -1598 0
-39 -34 1598 0
-14 -13 -1597 0
-14 -13 1597 0
-14 -15 -1596 0
-14 -15 1596 0
-14 -19 -1595 0
-14 -19 1595 0
-14 -9 -1594 0
-14 -9 1594 0
-144 -141 -1593 0
-144 -141 1593 0
-144 -129 -1592 0
-144 -129 1592 0
-144 -142 -1591 0
-144 -142 1591 0
-144 -134 -1590 0
-144 -134 1590 0
-144 -143 -1589 0
-144 -143 1589 0
-144 -145 -1588 0
-144 -145 1588 0
-144 -149 -1587 0
-144 -149 1587 0
-144 -139 -1586 0
-144 -139 1586 0
-119 -116 -1585 0
-119 -116 1585 0
-119 -104 -1584 0
-119 -104 1584 0
-119 -117 -1583 0
-119 -117 1583 0
-119 -109 -1582 0
-119 -109 1582 0
-119 -118 -1581 0
-119 -118 1581 0
-119 -120 -1580 0
-119 -120 1580 0
-119 -124 -1579 0
-119 -124 1579 0
-119 -114 -1578 0
-119 -114 1578 0
-94 -91 -1577 0
-94 -91 1577 0
-94 -79 -1576 0
-94 -79 1576 0
-94 -92 -1575 0
-94 -92 1575 0
-94 -84 -1574 0
-94 -84 1574 0
-94 -93 -1573 0
-94 -93 1573 0
-94 -95 -1572 0
-94 -95 1572 0
-94 -99 -1571 0
-94 -99 1571 0
-94 -89 -1570 0
-94 -89 1570 0
-69 -66 -1569 0
-69 -66 1569 0
-69 -54 -1568 0
-69 -54 1568 0
-69 -67 -1567 0
-69 -67 1567 0
-69 -59 -1566 0
-69 -59 1566 0
-69 -68 -1565 0
-69 -68 1565 0
-69 -70 -1564 0
-69 -70 1564 0
-69 -74 -1563 0
-69 -74 1563 0
-69 -64 -1562 0
-69 -64 1562 0
-44 -42 -1561 0
-44 -42 1561 0
-44 -34 -1560 0
-44 -34 1560 0
-44 -43 -1559 0
-44 -43 1559 0
-44 -45 -1558 0
-44 -45 1558 0
-44 -49 -1557 0
-44 -49 1557 0
-44 -39 -1556 0
-44 -39 1556 0
-19 -18 -1555 0
-19 -18 1555 0
-19 -20 -1554 0
-19 -20 1554 0
-19 -24 -1553 0
-19 -24 1553 0
-19 -14 -1552 0
-19 -14 1552 0
-143 -128 -1551 0
-143 -128 1551 0
-143 -141 -1550 0
-143 -141 1550 0
-143 -145 -1549 0
-143 -145 1549 0
-143 -133 -1548 0
-143 -133 1548 0
-143 -142 -1547 0
-143 -142 1547 0
-143 -144 -1546 0
-143 -144 1546 0
-143 -148 -1545 0
-143 -148 1545 0
-143 -138 -1544 0
-143 -138 1544 0
-118 -103 -1543 0
-118 -103 1543 0
-118 -116 -1542 0
-118 -116 1542 0
-118 -120 -1541 0
-118 -120 1541 0
-118 -108 -1540 0
-118 -108 1540 0
-118 -117 -1539 0
-118 -117 1539 0
-118 -119 -1538 0
-118 -119 1538 0
-118 -123 -1537 0
-118 -123 1537 0
-118 -113 -1536 0
-118 -113 1536 0
-93 -78 -1535 0
-93 -78 1535 0
-93 -91 -1534 0
-93 -91 1534 0
-93 -95 -1533 0
-93 -95 1533 0
-93 -83 -1532 0
-93 -83 1532 0
-93 -92 -1531 0
-93 -92 1531 0
-93 -94 -1530 0
-93 -94 1530 0
-93 -98 -1529 0
-93 -98 1529 0
-93 -88 -1528 0
-93 -88 1528 0
-68 -53 -1527 0
-68 -53 1527 0
-68 -66 -1526 0
-68 -66 1526 0
-68 -70 -1525 0
-68 -70 1525 0
-68 -58 -1524 0
-68 -58 1524 0
-68 -67 -1523 0
-68 -67 1523 0
-68 -69 -1522 0
-68 -69 1522 0
-68 -73 -1521 0
-68 -73 1521 0
-68 -63 -1520 0
-68 -63 1520 0
-43 -41 -1519 0
-43 -41 1519 0
-43 -45 -1518 0
-43 -45 1518 0
-43 -33 -1517 0
-43 -33 1517 0
-43 -42 -1516 0
-43 -42 1516 0
-43 -44 -1515 0
-43 -44 1515 0
-43 -48 -1514 0
-43 -48 1514 0
-43 -38 -1513 0
-43 -38 1513 0
-18 -17 -1512 0
-18 -17 1512 0
-18 -19 -1511 0
-18 -19 1511 0
-18 -23 -1510 0
-18 -23 1510 0
-18 -13 -1509 0
-18 -13 1509 0
-142 -145 -1508 0
-142 -145 1508 0
-142 -127 -1507 0
-142 -127 1507 0
-142 -144 -1506 0
-142 -144 1506 0
-142 -132 -1505 0
-142 -132 1505 0
-142 -141 -1504 0
-142 -141 1504 0
-142 -143 -1503 0
-142 -143 1503 0
-142 -147 -1502 0
-142 -147 1502 0
-142 -137 -1501 0
-142 -137 1501 0
-117 -120 -1500 0
-117 -120 1500 0
-117 -102 -1499 0
-117 -102 1499 0
-117 -119 -1498 0
-117 -119 1498 0
-117 -107 -1497 0
-117 -107 1497 0
-117 -116 -1496 0
-117 -116 1496 0
-117 -118 -1495 0
-117 -118 1495 0
-117 -122 -1494 0
-117 -122 1494 0
-117 -112 -1493 0
-117 -112 1493 0
-92 -95 -1492 0
-92 -95 1492 0
-92 -77 -1491 0
-92 -77 1491 0
-92 -94 -1490 0
-92 -94 1490 0
-92 -82 -1489 0
-92 -82 1489 0
-92 -91 -1488 0
-92 -91 1488 0
-92 -93 -1487 0
-92 -93 1487 0
-92 -97 -1486 0
-92 -97 1486 0
-92 -87 -1485 0
-92 -87 1485 0
-67 -70 -1484 0
-67 -70 1484 0
-67 -52 -1483 0
-67 -52 1483 0
-67 -69 -1482 0
-67 -69 1482 0
-67 -57 -1481 0
-67 -57 1481 0
-67 -66 -1480 0
-67 -66 1480 0
-67 -68 -1479 0
-67 -68 1479 0
-67 -72 -1478 0
-67 -72 1478 0
-67 -62 -1477 0
-67 -62 1477 0
-42 -44 -1476 0
-42 -44 1476 0
-42 -32 -1475 0
-42 -32 1475 0
-42 -41 -1474 0
-42 -41 1474 0
-42 -43 -1473 0
-42 -43 1473 0
-42 -47 -1472 0
-42 -47 1472 0
-42 -37 -1471 0
-42 -37 1471 0
-17 -16 -1470 0
-17 -16 1470 0
-17 -18 -1469 0
-17 -18 1469 0
-17 -22 -1468 0
-17 -22 1468 0
-17 -12 -1467 0
-17 -12 1467 0
-141 -145 -1466 0
-141 -145 1466 0
-141 -144 -1465 0
-141 -144 1465 0
-141 -126 -1464 0
-141 -126 1464 0
-141 -143 -1463 0
-141 -143 1463 0
-141 -131 -1462 0
-141 -131 1462 0
-141 -142 -1461 0
-141 -142 1461 0
-141 -146 -1460 0
-141 -146 1460 0
-141 -136 -1459 0
-141 -136 1459 0
-116 -120 -1458 0
-116 -120 1458 0
-116 -119 -1457 0
-116 -119 1457 0
-116 -101 -1456 0
-116 -101 1456 0
-116 -118 -1455 0
-116 -118 1455 0
-116 -106 -1454 0
-116 -106 1454 0
-116 -117 -1453 0
-116 -117 1453 0
-116 -121 -1452 0
-116 -121 1452 0
-116 -111 -1451 0
-116 -111 1451 0
-91 -95 -1450 0
-91 -95 1450 0
-91 -94 -1449 0
-91 -94 1449 0
-91 -76 -1448 0
-91 -76 1448 0
-91 -93 -1447 0
-91 -93 1447 0
-91 -81 -1446 0
-91 -81 1446 0
-91 -92 -1445 0
-91 -92 1445 0
-91 -96 -1444 0
-91 -96 1444 0
-91 -86 -1443 0
-91 -86 1443 0
-66 -69 -1442 0
-66 -69 1442 0
-66 -51 -1441 0
-66 -51 1441 0
-66 -68 -1440 0
-66 -68 1440 0
-66 -56 -1439 0
-66 -56 1439 0
-66 -67 -1438 0
-66 -67 1438 0
-66 -71 -1437 0
-66 -71 1437 0
-66 -61 -1436 0
-66 -61 1436 0
-41 -43 -1435 0
-41 -43 1435 0
-41 -31 -1434 0
-41 -31 1434 0
-41 -42 -1433 0
-41 -42 1433 0
-41 -46 -1432 0
-41 -46 1432 0
-41 -36 -1431 0
-41 -36 1431 0
-16 -17 -1430 0
-16 -17 1430 0
-16 -21 -1429 0
-16 -21 1429 0
-16 -11 -1428 0
-16 -11 1428 0
-137 -140 -1427 0
-137 -140 1427 0
-137 -139 -1426 0
-137 -139 1426 0
-137 -147 -1425 0
-137 -147 1425 0
-137 -127 -1424 0
-137 -127 1424 0
-137 -136 -1423 0
-137 -136 1423 0
-137 -138 -1422 0
-137 -138 1422 0
-137 -142 -1421 0
-137 -142 1421 0
-137 -132 -1420 0
-137 -132 1420 0
-112 -115 -1419 0
-112 -115 1419 0
-112 -114 -1418 0
-112 -114 1418 0
-112 -122 -1417 0
-112 -122 1417 0
-112 -102 -1416 0
-112 -102 1416 0
-112 -111 -1415 0
-112 -111 1415 0
-112 -113 -1414 0
-112 -113 1414 0
-112 -117 -1413 0
-112 -117 1413 0
-112 -107 -1412 0
-112 -107 1412 0
-87 -90 -1411 0
-87 -90 1411 0
-87 -89 -1410 0
-87 -89 1410 0
-87 -97 -1409 0
-87 -97 1409 0
-87 -77 -1408 0
-87 -77 1408 0
-87 -86 -1407 0
-87 -86 1407 0
-87 -88 -1406 0
-87 -88 1406 0
-87 -92 -1405 0
-87 -92 1405 0
-87 -82 -1404 0
-87 -82 1404 0
-62 -65 -1403 0
-62 -65 1403 0
-62 -64 -1402 0
-62 -64 1402 0
-62 -72 -1401 0
-62 -72 1401 0
-62 -52 -1400 0
-62 -52 1400 0
-62 -61 -1399 0
-62 -61 1399 0
-62 -63 -1398 0
-62 -63 1398 0
-62 -67 -1397 0
-62 -67 1397 0
-62 -57 -1396 0
-62 -57 1396 0
-37 -39 -1395 0
-37 -39 1395 0
-37 -47 -1394 0
-37 -47 1394 0
-37 -27 -1393 0
-37 -27 1393 0
-37 -36 -1392 0
-37 -36 1392 0
-37 -38 -1391 0
-37 -38 1391 0
-37 -42 -1390 0
-37 -42 1390 0
-37 -32 -1389 0
-37 -32 1389 0
-12 -11 -1388 0
-12 -11 1388 0
-12 -13 -1387 0
-12 -13 1387 0
-12 -17 -1386 0
-12 -17 1386 0
-12 -7 -1385 0
-12 -7 1385 0
-136 -140 -1384 0
-136 -140 1384 0
-136 -139 -1383 0
-136 -139 1383 0
-136 -138 -1382 0
-136 -138 1382 0
-136 -146 -1381 0
-136 -146 1381 0
-136 -126 -1380 0
-136 -126 1380 0
-136 -137 -1379 0
-136 -137 1379 0
-136 -141 -1378 0
-136 -141 1378 0
-136 -131 -1377 0
-136 -131 1377 0
-111 -115 -1376 0
-111 -115 1376 0
-111 -114 -1375 0
-111 -114 1375 0
-111 -113 -1374 0
-111 -113 1374 0
-111 -121 -1373 0
-111 -121 1373 0
-111 -101 -1372 0
-111 -101 1372 0
-111 -112 -1371 0
-111 -112 1371 0
-111 -116 -1370 0
-111 -116 1370 0
-111 -106 -1369 0
-111 -106 1369 0
-86 -90 -1368 0
-86 -90 1368 0
-86 -89 -1367 0
-86 -89 1367 0
-86 -88 -1366 0
-86 -88 1366 0
-86 -96 -1365 0
-86 -96 1365 0
-86 -76 -1364 0
-86 -76 1364 0
-86 -87 -1363 0
-86 -87 1363 0
-86 -91 -1362 0
-86 -91 1362 0
-86 -81 -1361 0
-86 -81 1361 0
-61 -64 -1360 0
-61 -64 1360 0
-61 -63 -1359 0
-61 -63 1359 0
-61 -71 -1358 0
-61 -71 1358 0
-61 -51 -1357 0
-61 -51 1357 0
-61 -62 -1356 0
-61 -62 1356 0
-61 -66 -1355 0
-61 -66 1355 0
-61 -56 -1354 0
-61 -56 1354 0
-36 -38 -1353 0
-36 -38 1353 0
-36 -46 -1352 0
-36 -46 1352 0
-36 -26 -1351 0
-36 -26 1351 0
-36 -37 -1350 0
-36 -37 1350 0
-36 -41 -1349 0
-36 -41 1349 0
-36 -31 -1348 0
-36 -31 1348 0
-11 -12 -1347 0
-11 -12 1347 0
-11 -16 -1346 0
-11 -16 1346 0
-11 -6 -1345 0
-11 -6 1345 0
-5 -4 -1344 0
-5 -4 1344 0
-5 -10 -1343 0
-5 -10 1343 0
-163 -161 -1342 0
-163 -161 1342 0
-163 -165 -1341 0
-163 -165 1341 0
-163 -173 -1340 0
-163 -173 1340 0
-163 -153 -1339 0
-163 -153 1339 0
-163 -162 -1338 0
-163 -162 1338 0
-163 -164 -1337 0
-163 -164 1337 0
-163 -168 -1336 0
-163 -168 1336 0
-163 -158 -1335 0
-163 -158 1335 0
-138 -136 -1334 0
-138 -136 1334 0
-138 -140 -1333 0
-138 -140 1333 0
-138 -148 -1332 0
-138 -148 1332 0
-138 -128 -1331 0
-138 -128 1331 0
-138 -137 -1330 0
-138 -137 1330 0
-138 -139 -1329 0
-138 -139 1329 0
-138 -143 -1328 0
-138 -143 1328 0
-138 -133 -1327 0
-138 -133 1327 0
-113 -111 -1326 0
-113 -111 1326 0
-113 -115 -1325 0
-113 -115 1325 0
-113 -123 -1324 0
-113 -123 1324 0
-113 -103 -1323 0
-113 -103 1323 0
-113 -112 -1322 0
-113 -112 1322 0
-113 -114 -1321 0
-113 -114 1321 0
-113 -118 -1320 0
-113 -118 1320 0
-113 -108 -1319 0
-113 -108 1319 0
-88 -86 -1318 0
-88 -86 1318 0
-88 -90 -1317 0
-88 -90 1317 0
-88 -98 -1316 0
-88 -98 1316 0
-88 -78 -1315 0
-88 -78 1315 0
-88 -87 -1314 0
-88 -87 1314 0
-88 -89 -1313 0
-88 -89 1313 0
-88 -93 -1312 0
-88 -93 1312 0
-88 -83 -1311 0
-88 -83 1311 0
-63 -61 -1310 0
-63 -61 1310 0
-63 -65 -1309 0
-63 -65 1309 0
-63 -73 -1308 0
-63 -73 1308 0
-63 -53 -1307 0
-63 -53 1307 0
-63 -62 -1306 0
-63 -62 1306 0
-63 -64 -1305 0
-63 -64 1305 0
-63 -68 -1304 0
-63 -68 1304 0
-63 -58 -1303 0
-63 -58 1303 0
-38 -36 -1302 0
-38 -36 1302 0
-38 -40 -1301 0
-38 -40 1301 0
-38 -48 -1300 0
-38 -48 1300 0
-38 -28 -1299 0
-38 -28 1299 0
-38 -37 -1298 0
-38 -37 1298 0
-38 -39 -1297 0
-38 -39 1297 0
-38 -43 -1296 0
-38 -43 1296 0
-38 -33 -1295 0
-38 -33 1295 0
-13 -12 -1294 0
-13 -12 1294 0
-13 -14 -1293 0
-13 -14 1293 0
-13 -18 -1292 0
-13 -18 1292 0
-13 -8 -1291 0
-13 -8 1291 0
-160 -156 -1290 0
-160 -156 1290 0
-160 -157 -1289 0
-160 -157 1289 0
-160 -175 -1288 0
-160 -175 1288 0
-160 -158 -1287 0
-160 -158 1287 0
-160 -170 -1286 0
-160 -170 1286 0
-160 -159 -1285 0
-160 -159 1285 0
-160 -165 -1284 0
-160 -165 1284 0
-160 -155 -1283 0
-160 -155 1283 0
-135 -131 -1282 0
-135 -131 1282 0
-135 -132 -1281 0
-135 -132 1281 0
-135 -150 -1280 0
-135 -150 1280 0
-135 -133 -1279 0
-135 -133 1279 0
-135 -145 -1278 0
-135 -145 1278 0
-135 -134 -1277 0
-135 -134 1277 0
-135 -140 -1276 0
-135 -140 1276 0
-135 -130 -1275 0
-135 -130 1275 0
-110 -106 -1274 0
-110 -106 1274 0
-110 -107 -1273 0
-110 -107 1273 0
-110 -125 -1272 0
-110 -125 1272 0
-110 -108 -1271 0
-110 -108 1271 0
-110 -120 -1270 0
-110 -120 1270 0
-110 -109 -1269 0
-110 -109 1269 0
-110 -115 -1268 0
-110 -115 1268 0
-110 -105 -1267 0
-110 -105 1267 0
-85 -81 -1266 0
-85 -81 1266 0
-85 -82 -1265 0
-85 -82 1265 0
-85 -100 -1264 0
-85 -100 1264 0
-85 -83 -1263 0
-85 -83 1263 0
-85 -95 -1262 0
-85 -95 1262 0
-85 -84 -1261 0
-85 -84 1261 0
-85 -90 -1260 0
-85 -90 1260 0
-85 -80 -1259 0
-85 -80 1259 0
-60 -57 -1258 0
-60 -57 1258 0
-60 -75 -1257 0
-60 -75 1257 0
-60 -58 -1256 0
-60 -58 1256 0
-60 -70 -1255 0
-60 -70 1255 0
-60 -59 -1254 0
-60 -59 1254 0
-60 -65 -1253 0
-60 -65 1253 0
-60 -55 -1252 0
-60 -55 1252 0
-35 -33 -1251 0
-35 -33 1251 0
-35 -45 -1250 0
-35 -45 1250 0
-35 -34 -1249 0
-35 -34 1249 0
-35 -40 -1248 0
-35 -40 1248 0
-35 -30 -1247 0
-35 -30 1247 0
-10 -9 -1246 0
-10 -9 1246 0
-10 -15 -1245 0
-10 -15 1245 0
-10 -5 -1244 0
-10 -5 1244 0
-159 -156 -1243 0
-159 -156 1243 0
-159 -174 -1242 0
-159 -174 1242 0
-159 -157 -1241 0
-159 -157 1241 0
-159 -169 -1240 0
-159 -169 1240 0
-159 -158 -1239 0
-159 -158 1239 0
-159 -160 -1238 0
-159 -160 1238 0
-159 -164 -1237 0
-159 -164 1237 0
-159 -154 -1236 0
-159 -154 1236 0
-134 -131 -1235 0
-134 -131 1235 0
-134 -149 -1234 0
-134 -149 1234 0
-134 -132 -1233 0
-134 -132 1233 0
-134 -144 -1232 0
-134 -144 1232 0
-134 -133 -1231 0
-134 -133 1231 0
-134 -135 -1230 0
-134 -135 1230 0
-134 -139 -1229 0
-134 -139 1229 0
-134 -129 -1228 0
-134 -129 1228 0
-109 -106 -1227 0
-109 -106 1227 0
-109 -124 -1226 0
-109 -124 1226 0
-109 -107 -1225 0
-109 -107 1225 0
-109 -119 -1224 0
-109 -119 1224 0
-109 -108 -1223 0
-109 -108 1223 0
-109 -110 -1222 0
-109 -110 1222 0
-109 -114 -1221 0
-109 -114 1221 0
-109 -104 -1220 0
-109 -104 1220 0
-84 -81 -1219 0
-84 -81 1219 0
-84 -99 -1218 0
-84 -99 1218 0
-84 -82 -1217 0
-84 -82 1217 0
-84 -94 -1216 0
-84 -94 1216 0
-84 -83 -1215 0
-84 -83 1215 0
-84 -85 -1214 0
-84 -85 1214 0
-84 -89 -1213 0
-84 -89 1213 0
-84 -79 -1212 0
-84 -79 1212 0
-59 -56 -1211 0
-59 -56 1211 0
-59 -74 -1210 0
-59 -74 1210 0
-59 -57 -1209 0
-59 -57 1209 0
-59 -69 -1208 0
-59 -69 1208 0
-59 -58 -1207 0
-59 -58 1207 0
-59 -60 -1206 0
-59 -60 1206 0
-59 -64 -1205 0
-59 -64 1205 0
-59 -54 -1204 0
-59 -54 1204 0
-34 -32 -1203 0
-34 -32 1203 0
-34 -44 -1202 0
-34 -44 1202 0
-34 -33 -1201 0
-34 -33 1201 0
-34 -35 -1200 0
-34 -35 1200 0
-34 -39 -1199 0
-34 -39 1199 0
-34 -29 -1198 0
-34 -29 1198 0
-9 -8 -1197 0
-9 -8 1197 0
-9 -10 -1196 0
-9 -10 1196 0
-9 -14 -1195 0
-9 -14 1195 0
-9 -4 -1194 0
-9 -4 1194 0
-158 -173 -1193 0
-158 -173 1193 0
-158 -156 -1192 0
-158 -156 1192 0
-158 -160 -1191 0
-158 -160 1191 0
-158 -168 -1190 0
-158 -168 1190 0
-158 -157 -1189 0
-158 -157 1189 0
-158 -159 -1188 0
-158 -159 1188 0
-158 -163 -1187 0
-158 -163 1187 0
-158 -153 -1186 0
-158 -153 1186 0
-133 -148 -1185 0
-133 -148 1185 0
-133 -131 -1184 0
-133 -131 1184 0
-133 -135 -1183 0
-133 -135 1183 0
-133 -143 -1182 0
-133 -143 1182 0
-133 -132 -1181 0
-133 -132 1181 0
-133 -134 -1180 0
-133 -134 1180 0
-133 -138 -1179 0
-133 -138 1179 0
-133 -128 -1178 0
-133 -128 1178 0
-108 -123 -1177 0
-108 -123 1177 0
-108 -106 -1176 0
-108 -106 1176 0
-108 -110 -1175 0
-108 -110 1175 0
-108 -118 -1174 0
-108 -118 1174 0
-108 -107 -1173 0
-108 -107 1173 0
-108 -109 -1172 0
-108 -109 1172 0
-108 -113 -1171 0
-108 -113 1171 0
-108 -103 -1170 0
-108 -103 1170 0
-83 -98 -1169 0
-83 -98 1169 0
-83 -81 -1168 0
-83 -81 1168 0
-83 -85 -1167 0
-83 -85 1167 0
-83 -93 -1166 0
-83 -93 1166 0
-83 -82 -1165 0
-83 -82 1165 0
-83 -84 -1164 0
-83 -84 1164 0
-83 -88 -1163 0
-83 -88 1163 0
-83 -78 -1162 0
-83 -78 1162 0
-58 -73 -1161 0
-58 -73 1161 0
-58 -56 -1160 0
-58 -56 1160 0
-58 -60 -1159 0
-58 -60 1159 0
-58 -68 -1158 0
-58 -68 1158 0
-58 -57 -1157 0
-58 -57 1157 0
-58 -59 -1156 0
-58 -59 1156 0
-58 -63 -1155 0
-58 -63 1155 0
-58 -53 -1154 0
-58 -53 1154 0
-33 -31 -1153 0
-33 -31 1153 0
-33 -35 -1152 0
-33 -35 1152 0
-33 -43 -1151 0
-33 -43 1151 0
-33 -32 -1150 0
-33 -32 1150 0
-33 -34 -1149 0
-33 -34 1149 0
-33 -38 -1148 0
-33 -38 1148 0
-33 -28 -1147 0
-33 -28 1147 0
-8 -7 -1146 0
-8 -7 1146 0
-8 -9 -1145 0
-8 -9 1145 0
-8 -13 -1144 0
-8 -13 1144 0
-8 -3 -1143 0
-8 -3 1143 0
-157 -160 -1142 0
-157 -160 1142 0
-157 -172 -1141 0
-157 -172 1141 0
-157 -159 -1140 0
-157 -159 1140 0
-157 -167 -1139 0
-157 -167 1139 0
-157 -156 -1138 0
-157 -156 1138 0
-157 -158 -1137 0
-157 -158 1137 0
-157 -162 -1136 0
-157 -162 1136 0
-157 -152 -1135 0
-157 -152 1135 0
-132 -135 -1134 0
-132 -135 1134 0
-132 -147 -1133 0
-132 -147 1133 0
-132 -134 -1132 0
-132 -134 1132 0
-132 -142 -1131 0
-132 -142 1131 0
-132 -131 -1130 0
-132 -131 1130 0
-132 -133 -1129 0
-132 -133 1129 0
-132 -137 -1128 0
-132 -137 1128 0
-132 -127 -1127 0
-132 -127 1127 0
-107 -110 -1126 0
-107 -110 1126 0
-107 -122 -1125 0
-107 -122 1125 0
-107 -109 -1124 0
-107 -109 1124 0
-107 -117 -1123 0
-107 -117 1123 0
-107 -106 -1122 0
-107 -106 1122 0
-107 -108 -1121 0
-107 -108 1121 0
-107 -112 -1120 0
-107 -112 1120 0
-107 -102 -1119 0
-107 -102 1119 0
-82 -85 -1118 0
-82 -85 1118 0
-82 -97 -1117 0
-82 -97 1117 0
-82 -84 -1116 0
-82 -84 1116 0
-82 -92 -1115 0
-82 -92 1115 0
-82 -81 -1114 0
-82 -81 1114 0
-82 -83 -1113 0
-82 -83 1113 0
-82 -87 -1112 0
-82 -87 1112 0
-82 -77 -1111 0
-82 -77 1111 0
-57 -60 -1110 0
-57 -60 1110 0
-57 -72 -1109 0
-57 -72 1109 0
-57 -59 -1108 0
-57 -59 1108 0
-57 -67 -1107 0
-57 -67 1107 0
-57 -56 -1106 0
-57 -56 1106 0
-57 -58 -1105 0
-57 -58 1105 0
-57 -62 -1104 0
-57 -62 1104 0
-57 -52 -1103 0
-57 -52 1103 0
-32 -34 -1102 0
-32 -34 1102 0
-32 -42 -1101 0
-32 -42 1101 0
-32 -31 -1100 0
-32 -31 1100 0
-32 -33 -1099 0
-32 -33 1099 0
-32 -37 -1098 0
-32 -37 1098 0
-32 -27 -1097 0
-32 -27 1097 0
-7 -6 -1096 0
-7 -6 1096 0
-7 -8 -1095 0
-7 -8 1095 0
-7 -12 -1094 0
-7 -12 1094 0
-7 -2 -1093 0
-7 -2 1093 0
-154 -174 -1092 0
-154 -174 1092 0
-154 -151 -1091 0
-154 -151 1091 0
-154 -169 -1090 0
-154 -169 1090 0
-154 -152 -1089 0
-154 -152 1089 0
-154 -164 -1088 0
-154 -164 1088 0
-154 -153 -1087 0
-154 -153 1087 0
-154 -155 -1086 0
-154 -155 1086 0
-154 -159 -1085 0
-154 -159 1085 0
-129 -149 -1084 0
-129 -149 1084 0
-129 -126 -1083 0
-129 -126 1083 0
-129 -144 -1082 0
-129 -144 1082 0
-129 -127 -1081 0
-129 -127 1081 0
-129 -139 -1080 0
-129 -139 1080 0
-129 -128 -1079 0
-129 -128 1079 0
-129 -130 -1078 0
-129 -130 1078 0
-129 -134 -1077 0
-129 -134 1077 0
-104 -124 -1076 0
-104 -124 1076 0
-104 -101 -1075 0
-104 -101 1075 0
-104 -119 -1074 0
-104 -119 1074 0
-104 -102 -1073 0
-104 -102 1073 0
-104 -114 -1072 0
-104 -114 1072 0
-104 -103 -1071 0
-104 -103 1071 0
-104 -105 -1070 0
-104 -105 1070 0
-104 -109 -1069 0
-104 -109 1069 0
-79 -99 -1068 0
-79 -99 1068 0
-79 -76 -1067 0
-79 -76 1067 0
-79 -94 -1066 0
-79 -94 1066 0
-79 -77 -1065 0
-79 -77 1065 0
-79 -89 -1064 0
-79 -89 1064 0
-79 -78 -1063 0
-79 -78 1063 0
-79 -80 -1062 0
-79 -80 1062 0
-79 -84 -1061 0
-79 -84 1061 0
-54 -51 -1060 0
-54 -51 1060 0
-54 -69 -1059 0
-54 -69 1059 0
-54 -52 -1058 0
-54 -52 1058 0
-54 -64 -1057 0
-54 -64 1057 0
-54 -53 -1056 0
-54 -53 1056 0
-54 -55 -1055 0
-54 -55 1055 0
-54 -59 -1054 0
-54 -59 1054 0
-29 -27 -1053 0
-29 -27 1053 0
-29 -39 -1052 0
-29 -39 1052 0
-29 -28 -1051 0
-29 -28 1051 0
-29 -30 -1050 0
-29 -30 1050 0
-29 -34 -1049 0
-29 -34 1049 0
-4 -3 -1048 0
-4 -3 1048 0
-4 -5 -1047 0
-4 -5 1047 0
-4 -9 -1046 0
-4 -9 1046 0
-153 -173 -1045 0
-153 -173 1045 0
-153 -168 -1044 0
-153 -168 1044 0
-153 -151 -1043 0
-153 -151 1043 0
-153 -155 -1042 0
-153 -155 1042 0
-153 -163 -1041 0
-153 -163 1041 0
-153 -152 -1040 0
-153 -152 1040 0
-153 -154 -1039 0
-153 -154 1039 0
-153 -158 -1038 0
-153 -158 1038 0
-128 -148 -1037 0
-128 -148 1037 0
-128 -143 -1036 0
-128 -143 1036 0
-128 -126 -1035 0
-128 -126 1035 0
-128 -130 -1034 0
-128 -130 1034 0
-128 -138 -1033 0
-128 -138 1033 0
-128 -127 -1032 0
-128 -127 1032 0
-128 -129 -1031 0
-128 -129 1031 0
-128 -133 -1030 0
-128 -133 1030 0
-103 -123 -1029 0
-103 -123 1029 0
-103 -118 -1028 0
-103 -118 1028 0
-103 -101 -1027 0
-103 -101 1027 0
-103 -105 -1026 0
-103 -105 1026 0
-103 -113 -1025 0
-103 -113 1025 0
-103 -102 -1024 0
-103 -102 1024 0
-103 -104 -1023 0
-103 -104 1023 0
-103 -108 -1022 0
-103 -108 1022 0
-78 -98 -1021 0
-78 -98 1021 0
-78 -93 -1020 0
-78 -93 1020 0
-78 -76 -1019 0
-78 -76 1019 0
-78 -80 -1018 0
-78 -80 1018 0
-78 -88 -1017 0
-78 -88 1017 0
-78 -77 -1016 0
-78 -77 1016 0
-78 -79 -1015 0
-78 -79 1015 0
-78 -83 -1014 0
-78 -83 1014 0
-53 -68 -1013 0
-53 -68 1013 0
-53 -51 -1012 0
-53 -51 1012 0
-53 -55 -1011 0
-53 -55 1011 0
-53 -63 -1010 0
-53 -63 1010 0
-53 -52 -1009 0
-53 -52 1009 0
-53 -54 -1008 0
-53 -54 1008 0
-53 -58 -1007 0
-53 -58 1007 0
-28 -26 -1006 0
-28 -26 1006 0
-28 -30 -1005 0
-28 -30 1005 0
-28 -38 -1004 0
-28 -38 1004 0
-28 -27 -1003 0
-28 -27 1003 0
-28 -29 -1002 0
-28 -29 1002 0
-28 -33 -1001 0
-28 -33 1001 0
-3 -2 -1000 0
-3 -2 1000 0
-3 -4 -999 0
-3 -4 999 0
-3 -8 -998 0
-3 -8 998 0
-56 -59 -997 0
-56 -59 997 0
-56 -71 -996 0
-56 -71 996 0
-56 -58 -995 0
-56 -58 995 0
-56 -66 -994 0
-56 -66 994 0
-56 -57 -993 0
-56 -57 993 0
-56 -61 -992 0
-56 -61 992 0
-56 -51 -991 0
-56 -51 991 0
-31 -33 -990 0
-31 -33 990 0
-31 -41 -989 0
-31 -41 989 0
-31 -32 -988 0
-31 -32 988 0
-31 -36 -987 0
-31 -36 987 0
-31 -26 -986 0
-31 -26 986 0
-6 -7 -985 0
-6 -7 985 0
-6 -11 -984 0
-6 -11 984 0
-6 -1 -983 0
-6 -1 983 0
-52 -55 -982 0
-52 -55 982 0
-52 -67 -981 0
-52 -67 981 0
-52 -54 -980 0
-52 -54 980 0
-52 -62 -979 0
-52 -62 979 0
-52 -51 -978 0
-52 -51 978 0
-52 -53 -977 0
-52 -53 977 0
-52 -57 -976 0
-52 -57 976 0
-27 -29 -975 0
-27 -29 975 0
-27 -37 -974 0
-27 -37 974 0
-27 -26 -973 0
-27 -26 973 0
-27 -28 -972 0
-27 -28 972 0
-27 -32 -971 0
-27 -32 971 0
-2 -1 -970 0
-2 -1 970 0
-2 -3 -969 0
-2 -3 969 0
-2 -7 -968 0
-2 -7 968 0
-51 -54 -967 0
-51 -54 967 0
-51 -66 -966 0
-51 -66 966 0
-51 -53 -965 0
-51 -53 965 0
-51 -61 -964 0
-51 -61 964 0
-51 -52 -963 0
-51 -52 963 0
-51 -56 -962 0
-51 -56 962 0
-26 -28 -961 0
-26 -28 961 0
-26 -36 -960 0
-26 -36 960 0
-26 -27 -959 0
-26 -27 959 0
-26 -31 -958 0
-26 -31 958 0
-1 -2 -957 0
-1 -2 957 0
-1 -6 -956 0
-1 -6 956 0
-47 -48 -955 0
-47 -48 955 0
-22 -23 -954 0
-22 -23 954 0
-124 -125 -953 0
-124 -125 953 0
-99 -100 -952 0
-99 -100 952 0
-74 -75 -951 0
-74 -75 951 0
-49 -50 -950 0
-49 -50 950 0
-24 -25 -949 0
-24 -25 949 0
-120 -125 -948 0
-120 -125 948 0
-95 -100 -947 0
-95 -100 947 0
-70 -75 -946 0
-70 -75 946 0
-45 -50 -945 0
-45 -50 945 0
-20 -25 -944 0
-20 -25 944 0
-120 -124 -943 0
-120 -124 943 0
-95 -99 -942 0
-95 -99 942 0
-70 -74 -941 0
-70 -74 941 0
-45 -49 -940 0
-45 -49 940 0
-20 -24 -939 0
-20 -24 939 0
-115 -125 -938 0
-115 -125 938 0
-90 -100 -937 0
-90 -100 937 0
-65 -75 -936 0
-65 -75 936 0
-40 -50 -935 0
-40 -50 935 0
-15 -25 -934 0
-15 -25 934 0
-115 -124 -933 0
-115 -124 933 0
-90 -99 -932 0
-90 -99 932 0
-65 -74 -931 0
-65 -74 931 0
-40 -49 -930 0
-40 -49 930 0
-15 -24 -929 0
-15 -24 929 0
-115 -120 -928 0
-115 -120 928 0
-90 -95 -927 0
-90 -95 927 0
-65 -70 -926 0
-65 -70 926 0
-40 -45 -925 0
-40 -45 925 0
-15 -20 -924 0
-15 -20 924 0
-114 -125 -923 0
-114 -125 923 0
-89 -100 -922 0
-89 -100 922 0
-64 -75 -921 0
-64 -75 921 0
-39 -50 -920 0
-39 -50 920 0
-14 -25 -919 0
-14 -25 919 0
-114 -124 -918 0
-114 -124 918 0
-89 -99 -917 0
-89 -99 917 0
-64 -74 -916 0
-64 -74 916 0
-39 -49 -915 0
-39 -49 915 0
-14 -24 -914 0
-14 -24 914 0
-114 -120 -913 0
-114 -120 913 0
-89 -95 -912 0
-89 -95 912 0
-64 -70 -911 0
-64 -70 911 0
-39 -45 -910 0
-39 -45 910 0
-14 -20 -909 0
-14 -20 909 0
-114 -115 -908 0
-114 -115 908 0
-89 -90 -907 0
-89 -90 907 0
-64 -65 -906 0
-64 -65 906 0
-39 -40 -905 0
-39 -40 905 0
-14 -15 -904 0
-14 -15 904 0
-143 -144 -903 0
-143 -144 903 0
-118 -119 -902 0
-118 -119 902 0
-93 -94 -901 0
-93 -94 901 0
-68 -69 -900 0
-68 -69 900 0
-43 -44 -899 0
-43 -44 899 0
-18 -19 -898 0
-18 -19 898 0
-142 -144 -897 0
-142 -144 897 0
-117 -119 -896 0
-117 -119 896 0
-92 -94 -895 0
-92 -94 895 0
-67 -69 -894 0
-67 -69 894 0
-42 -44 -893 0
-42 -44 893 0
-17 -19 -892 0
-17 -19 892 0
-142 -143 -891 0
-142 -143 891 0
-117 -118 -890 0
-117 -118 890 0
-92 -93 -889 0
-92 -93 889 0
-67 -68 -888 0
-67 -68 888 0
-42 -43 -887 0
-42 -43 887 0
-17 -18 -886 0
-17 -18 886 0
-141 -144 -885 0
-141 -144 885 0
-116 -119 -884 0
-116 -119 884 0
-91 -94 -883 0
-91 -94 883 0
-66 -69 -882 0
-66 -69 882 0
-41 -44 -881 0
-41 -44 881 0
-16 -19 -880 0
-16 -19 880 0
-141 -143 -879 0
-141 -143 879 0
-116 -118 -878 0
-116 -118 878 0
-91 -93 -877 0
-91 -93 877 0
-66 -68 -876 0
-66 -68 876 0
-41 -43 -875 0
-41 -43 875 0
-16 -18 -874 0
-16 -18 874 0
-141 -142 -873 0
-141 -142 873 0
-116 -117 -872 0
-116 -117 872 0
-91 -92 -871 0
-91 -92 871 0
-66 -67 -870 0
-66 -67 870 0
-41 -42 -869 0
-41 -42 869 0
-16 -17 -868 0
-16 -17 868 0
-137 -144 -867 0
-137 -144 867 0
-112 -119 -866 0
-112 -119 866 0
-87 -94 -865 0
-87 -94 865 0
-62 -69 -864 0
-62 -69 864 0
-37 -44 -863 0
-37 -44 863 0
-12 -19 -862 0
-12 -19 862 0
-137 -143 -861 0
-137 -143 861 0
-112 -118 -860 0
-112 -118 860 0
-87 -93 -859 0
-87 -93 859 0
-62 -68 -858 0
-62 -68 858 0
-37 -43 -857 0
-37 -43 857 0
-12 -18 -856 0
-12 -18 856 0
-137 -142 -855 0
-137 -142 855 0
-112 -117 -854 0
-112 -117 854 0
-87 -92 -853 0
-87 -92 853 0
-62 -67 -852 0
-62 -67 852 0
-37 -42 -851 0
-37 -42 851 0
-12 -17 -850 0
-12 -17 850 0
-137 -141 -849 0
-137 -141 849 0
-112 -116 -848 0
-112 -116 848 0
-87 -91 -847 0
-87 -91 847 0
-62 -66 -846 0
-62 -66 846 0
-37 -41 -845 0
-37 -41 845 0
-12 -16 -844 0
-12 -16 844 0
-136 -144 -843 0
-136 -144 843 0
-111 -119 -842 0
-111 -119 842 0
-86 -94 -841 0
-86 -94 841 0
-61 -69 -840 0
-61 -69 840 0
-36 -44 -839 0
-36 -44 839 0
-11 -19 -838 0
-11 -19 838 0
-136 -143 -837 0
-136 -143 837 0
-111 -118 -836 0
-111 -118 836 0
-86 -93 -835 0
-86 -93 835 0
-61 -68 -834 0
-61 -68 834 0
-36 -43 -833 0
-36 -43 833 0
-11 -18 -832 0
-11 -18 832 0
-136 -142 -831 0
-136 -142 831 0
-111 -117 -830 0
-111 -117 830 0
-86 -92 -829 0
-86 -92 829 0
-61 -67 -828 0
-61 -67 828 0
-36 -42 -827 0
-36 -42 827 0
-11 -17 -826 0
-11 -17 826 0
-136 -141 -825 0
-136 -141 825 0
-111 -116 -824 0
-111 -116 824 0
-86 -91 -823 0
-86 -91 823 0
-61 -66 -822 0
-61 -66 822 0
-36 -41 -821 0
-36 -41 821 0
-11 -16 -820 0
-11 -16 820 0
-136 -137 -819 0
-136 -137 819 0
-111 -112 -818 0
-111 -112 818 0
-86 -87 -817 0
-86 -87 817 0
-61 -62 -816 0
-61 -62 816 0
-36 -37 -815 0
-36 -37 815 0
-11 -12 -814 0
-11 -12 814 0
-160 -163 -813 0
-160 -163 813 0
-135 -138 -812 0
-135 -138 812 0
-110 -113 -811 0
-110 -113 811 0
-85 -88 -810 0
-85 -88 810 0
-60 -63 -809 0
-60 -63 809 0
-35 -38 -808 0
-35 -38 808 0
-10 -13 -807 0
-10 -13 807 0
-159 -163 -806 0
-159 -163 806 0
-134 -138 -805 0
-134 -138 805 0
-109 -113 -804 0
-109 -113 804 0
-84 -88 -803 0
-84 -88 803 0
-59 -63 -802 0
-59 -63 802 0
-34 -38 -801 0
-34 -38 801 0
-9 -13 -800 0
-9 -13 800 0
-159 -160 -799 0
-159 -160 799 0
-134 -135 -798 0
-134 -135 798 0
-109 -110 -797 0
-109 -110 797 0
-84 -85 -796 0
-84 -85 796 0
-59 -60 -795 0
-59 -60 795 0
-34 -35 -794 0
-34 -35 794 0
-9 -10 -793 0
-9 -10 793 0
-158 -163 -792 0
-158 -163 792 0
-133 -138 -791 0
-133 -138 791 0
-108 -113 -790 0
-108 -113 790 0
-83 -88 -789 0
-83 -88 789 0
-58 -63 -788 0
-58 -63 788 0
-33 -38 -787 0
-33 -38 787 0
-8 -13 -786 0
-8 -13 786 0
-158 -160 -785 0
-158 -160 785 0
-133 -135 -784 0
-133 -135 784 0
-108 -110 -783 0
-108 -110 783 0
-83 -85 -782 0
-83 -85 782 0
-58 -60 -781 0
-58 -60 781 0
-33 -35 -780 0
-33 -35 780 0
-8 -10 -779 0
-8 -10 779 0
-158 -159 -778 0
-158 -159 778 0
-133 -134 -777 0
-133 -134 777 0
-108 -109 -776 0
-108 -109 776 0
-83 -84 -775 0
-83 -84 775 0
-58 -59 -774 0
-58 -59 774 0
-33 -34 -773 0
-33 -34 773 0
-8 -9 -772 0
-8 -9 772 0
-157 -163 -771 0
-157 -163 771 0
-132 -138 -770 0
-132 -138 770 0
-107 -113 -769 0
-107 -113 769 0
-82 -88 -768 0
-82 -88 768 0
-57 -63 -767 0
-57 -63 767 0
-32 -38 -766 0
-32 -38 766 0
-7 -13 -765 0
-7 -13 765 0
-157 -160 -764 0
-157 -160 764 0
-132 -135 -763 0
-132 -135 763 0
-107 -110 -762 0
-107 -110 762 0
-82 -85 -761 0
-82 -85 761 0
-57 -60 -760 0
-57 -60 760 0
-32 -35 -759 0
-32 -35 759 0
-7 -10 -758 0
-7 -10 758 0
-157 -159 -757 0
-157 -159 757 0
-132 -134 -756 0
-132 -134 756 0
-107 -109 -755 0
-107 -109 755 0
-82 -84 -754 0
-82 -84 754 0
-57 -59 -753 0
-57 -59 753 0
-32 -34 -752 0
-32 -34 752 0
-7 -9 -751 0
-7 -9 751 0
-157 -158 -750 0
-157 -158 750 0
-132 -133 -749 0
-132 -133 749 0
-107 -108 -748 0
-107 -108 748 0
-82 -83 -747 0
-82 -83 747 0
-57 -58 -746 0
-57 -58 746 0
-32 -33 -745 0
-32 -33 745 0
-7 -8 -744 0
-7 -8 744 0
-154 -163 -743 0
-154 -163 743 0
-129 -138 -742 0
-129 -138 742 0
-104 -113 -741 0
-104 -113 741 0
-79 -88 -740 0
-79 -88 740 0
-54 -63 -739 0
-54 -63 739 0
-29 -38 -738 0
-29 -38 738 0
-4 -13 -737 0
-4 -13 737 0
-154 -160 -736 0
-154 -160 736 0
-129 -135 -735 0
-129 -135 735 0
-104 -110 -734 0
-104 -110 734 0
-79 -85 -733 0
-79 -85 733 0
-54 -60 -732 0
-54 -60 732 0
-29 -35 -731 0
-29 -35 731 0
-4 -10 -730 0
-4 -10 730 0
-154 -159 -729 0
-154 -159 729 0
-129 -134 -728 0
-129 -134 728 0
-104 -109 -727 0
-104 -109 727 0
-79 -84 -726 0
-79 -84 726 0
-54 -59 -725 0
-54 -59 725 0
-29 -34 -724 0
-29 -34 724 0
-4 -9 -723 0
-4 -9 723 0
-154 -158 -722 0
-154 -158 722 0
-129 -133 -721 0
-129 -133 721 0
-104 -108 -720 0
-104 -108 720 0
-79 -83 -719 0
-79 -83 719 0
-54 -58 -718 0
-54 -58 718 0
-29 -33 -717 0
-29 -33 717 0
-4 -8 -716 0
-4 -8 716 0
-154 -157 -715 0
-154 -157 715 0
-129 -132 -714 0
-129 -132 714 0
-104 -107 -713 0
-104 -107 713 0
-79 -82 -712 0
-79 -82 712 0
-54 -57 -711 0
-54 -57 711 0
-29 -32 -710 0
-29 -32 710 0
-4 -7 -709 0
-4 -7 709 0
-153 -163 -708 0
-153 -163 708 0
-128 -138 -707 0
-128 -138 707 0
-103 -113 -706 0
-103 -113 706 0
-78 -88 -705 0
-78 -88 705 0
-53 -63 -704 0
-53 -63 704 0
-28 -38 -703 0
-28 -38 703 0
-3 -13 -702 0
-3 -13 702 0
-153 -160 -701 0
-153 -160 701 0
-128 -135 -700 0
-128 -135 700 0
-103 -110 -699 0
-103 -110 699 0
-78 -85 -698 0
-78 -85 698 0
-53 -60 -697 0
-53 -60 697 0
-28 -35 -696 0
-28 -35 696 0
-3 -10 -695 0
-3 -10 695 0
-153 -159 -694 0
-153 -159 694 0
-128 -134 -693 0
-128 -134 693 0
-103 -109 -692 0
-103 -109 692 0
-78 -84 -691 0
-78 -84 691 0
-53 -59 -690 0
-53 -59 690 0
-28 -34 -689 0
-28 -34 689 0
-3 -9 -688 0
-3 -9 688 0
-153 -158 -687 0
-153 -158 687 0
-128 -133 -686 0
-128 -133 686 0
-103 -108 -685 0
-103 -108 685 0
-78 -83 -684 0
-78 -83 684 0
-53 -58 -683 0
-53 -58 683 0
-28 -33 -682 0
-28 -33 682 0
-3 -8 -681 0
-3 -8 681 0
-153 -157 -680 0
-153 -157 680 0
-128 -132 -679 0
-128 -132 679 0
-103 -107 -678 0
-103 -107 678 0
-78 -82 -677 0
-78 -82 677 0
-53 -57 -676 0
-53 -57 676 0
-28 -32 -675 0
-28 -32 675 0
-3 -7 -674 0
-3 -7 674 0
-153 -154 -673 0
-153 -154 673 0
-128 -129 -672 0
-128 -129 672 0
-103 -104 -671 0
-103 -104 671 0
-78 -79 -670 0
-78 -79 670 0
-53 -54 -669 0
-53 -54 669 0
-28 -29 -668 0
-28 -29 668 0
-3 -4 -667 0
-3 -4 667 0
-52 -56 -666 0
-52 -56 666 0
-27 -31 -665 0
-27 -31 665 0
-2 -6 -664 0
-2 -6 664 0
-51 -56 -663 0
-51 -56 663 0
-26 -31 -662 0
-26 -31 662 0
-1 -6 -661 0
-1 -6 661 0
-51 -52 -660 0
-51 -52 660 0
-26 -27 -659 0
-26 -27 659 0
-1 -2 -658 0
-1 -2 658 0
-173 -656 -657 0
-173 656 -657 0
-173 -656 657 0
-173 656 657 0
-148 -654 -655 0
-148 654 -655 0
-148 -654 655 0
-148 654 655 0
-123 -652 -653 0
-123 652 -653 0
-123 -652 653 0
-123 652 653 0
-98 -650 -651 0
-98 650 -651 0
-98 -650 651 0
-98 650 651 0
-73 -648 -649 0
-73 648 -649 0
-73 -648 649 0
-73 648 649 0
23 48 -647 0
23 48 647 0
-23 -48 -646 0
-23 -48 646 0
-172 -644 -645 0
-172 644 -645 0
-172 -644 645 0
-172 644 645 0
-147 -642 -643 0
-147 642 -643 0
-147 -642 643 0
-147 642 643 0
-122 -640 -641 0
-122 640 -641 0
-122 -640 641 0
-122 640 641 0
-97 -638 -639 0
-97 638 -639 0
-97 -638 639 0
-97 638 639 0
-72 -636 -637 0
-72 636 -637 0
-72 -636 637 0
-72 636 637 0
22 47 -635 0
22 47 635 0
-22 -47 -634 0
-22 -47 634 0
-171 -632 -633 0
-171 632 -633 0
-171 -632 633 0
-171 632 633 0
-146 -630 -631 0
-146 630 -631 0
-146 -630 631 0
-146 630 631 0
-121 -628 -629 0
-121 628 -629 0
-121 -628 629 0
-121 628 629 0
-96 -626 -627 0
-96 626 -627 0
-96 -626 627 0
-96 626 627 0
-71 -624 -625 0
-71 624 -625 0
-71 -624 625 0
-71 624 625 0
-46 -622 -623 0
-46 622 -623 0
-46 -622 623 0
-46 622 623 0
21 -620 -621 0
21 620 -621 0
21 -620 621 0
21 620 621 0
-175 -618 -619 0
-175 618 -619 0
-175 -618 619 0
-175 618 619 0
-150 -616 -617 0
-150 616 -617 0
-150 -616 617 0
-150 616 617 0
-615 100 125 0
-614 75 615 0
25 50 614 0
-100 -125 -613 0
-100 -125 613 0
-75 -125 -612 0
-75 -125 612 0
-75 -100 -611 0
-75 -100 611 0
-50 -125 -610 0
-50 -125 610 0
-50 -100 -609 0
-50 -100 609 0
-50 -75 -608 0
-50 -75 608 0
-25 -125 -607 0
-25 -125 607 0
-25 -100 -606 0
-25 -100 606 0
-25 -75 -605 0
-25 -75 605 0
-25 -50 -604 0
-25 -50 604 0
-174 -602 -603 0
-174 602 -603 0
-174 -602 603 0
-174 602 603 0
-149 -600 -601 0
-149 600 -601 0
-149 -600 601 0
-149 600 601 0
-599 99 124 0
-598 74 599 0
24 49 598 0
-99 -124 -597 0
-99 -124 597 0
-74 -124 -596 0
-74 -124 596 0
-74 -99 -595 0
-74 -99 595 0
-49 -124 -594 0
-49 -124 594 0
-49 -99 -593 0
-49 -99 593 0
-49 -74 -592 0
-49 -74 592 0
-24 -124 -591 0
-24 -124 591 0
-24 -99 -590 0
-24 -99 590 0
-24 -74 -589 0
-24 -74 589 0
-24 -49 -588 0
-24 -49 588 0
-170 -586 -587 0
-170 586 -587 0
-170 -586 587 0
-170 586 587 0
-145 -584 -585 0
-145 584 -585 0
-145 -584 585 0
-145 584 585 0
-583 95 120 0
-582 70 583 0
20 45 582 0
-95 -120 -581 0
-95 -120 581 0
-70 -120 -580 0
-70 -120 580 0
-70 -95 -579 0
-70 -95 579 0
-45 -120 -578 0
-45 -120 578 0
-45 -95 -577 0
-45 -95 577 0
-45 -70 -576 0
-45 -70 576 0
-20 -120 -575 0
-20 -120 575 0
-20 -95 -574 0
-20 -95 574 0
-20 -70 -573 0
-20 -70 573 0
-20 -45 -572 0
-20 -45 572 0
-165 -570 -571 0
-165 570 -571 0
-165 -570 571 0
-165 570 571 0
-140 -568 -569 0
-140 568 -569 0
-140 -568 569 0
-140 568 569 0
-567 90 115 0
-566 65 567 0
15 40 566 0
-90 -115 -565 0
-90 -115 565 0
-65 -115 -564 0
-65 -115 564 0
-65 -90 -563 0
-65 -90 563 0
-40 -115 -562 0
-40 -115 562 0
-40 -90 -561 0
-40 -90 561 0
-40 -65 -560 0
-40 -65 560 0
-15 -115 -559 0
-15 -115 559 0
-15 -90 -558 0
-15 -90 558 0
-15 -65 -557 0
-15 -65 557 0
-15 -40 -556 0
-15 -40 556 0
-164 -554 -555 0
-164 554 -555 0
-164 -554 555 0
-164 554 555 0
-139 -552 -553 0
-139 552 -553 0
-139 -552 553 0
-139 552 553 0
-551 89 114 0
-550 64 551 0
14 39 550 0
-89 -114 -549 0
-89 -114 549 0
-64 -114 -548 0
-64 -114 548 0
-64 -89 -547 0
-64 -89 547 0
-39 -114 -546 0
-39 -114 546 0
-39 -89 -545 0
-39 -89 545 0
-39 -64 -544 0
-39 -64 544 0
-14 -114 -543 0
-14 -114 543 0
-14 -89 -542 0
-14 -89 542 0
-14 -64 -541 0
-14 -64 541 0
-14 -39 -540 0
-14 -39 540 0
-169 -538 -539 0
-169 538 -539 0
-169 -538 539 0
-169 538 539 0
-537 119 144 0
-536 94 537 0
-535 69 536 0
19 44 535 0
-119 -144 -534 0
-119 -144 534 0
-94 -144 -533 0
-94 -144 533 0
-94 -119 -532 0
-94 -119 532 0
-69 -144 -531 0
-69 -144 531 0
-69 -119 -530 0
-69 -119 530 0
-69 -94 -529 0
-69 -94 529 0
-44 -144 -528 0
-44 -144 528 0
-44 -119 -527 0
-44 -119 527 0
-44 -94 -526 0
-44 -94 526 0
-44 -69 -525 0
-44 -69 525 0
-19 -144 -524 0
-19 -144 524 0
-19 -119 -523 0
-19 -119 523 0
-19 -94 -522 0
-19 -94 522 0
-19 -69 -521 0
-19 -69 521 0
-19 -44 -520 0
-19 -44 520 0
-168 -518 -519 0
-168 518 -519 0
-168 -518 519 0
-168 518 519 0
-517 118 143 0
-516 93 517 0
-515 68 516 0
18 43 515 0
-118 -143 -514 0
-118 -143 514 0
-93 -143 -513 0
-93 -143 513 0
-93 -118 -512 0
-93 -118 512 0
-68 -143 -511 0
-68 -143 511 0
-68 -118 -510 0
-68 -118 510 0
-68 -93 -509 0
-68 -93 509 0
-43 -143 -508 0
-43 -143 508 0
-43 -118 -507 0
-43 -118 507 0
-43 -93 -506 0
-43 -93 506 0
-43 -68 -505 0
-43 -68 505 0
-18 -143 -504 0
-18 -143 504 0
-18 -118 -503 0
-18 -118 503 0
-18 -93 -502 0
-18 -93 502 0
-18 -68 -501 0
-18 -68 501 0
-18 -43 -500 0
-18 -43 500 0
-167 -498 -499 0
-167 498 -499 0
-167 -498 499 0
-167 498 499 0
-497 117 142 0
-496 92 497 0
-495 67 496 0
17 42 495 0
-117 -142 -494 0
-117 -142 494 0
-92 -142 -493 0
-92 -142 493 0
-92 -117 -492 0
-92 -117 492 0
-67 -142 -491 0
-67 -142 491 0
-67 -117 -490 0
-67 -117 490 0
-67 -92 -489 0
-67 -92 489 0
-42 -142 -488 0
-42 -142 488 0
-42 -117 -487 0
-42 -117 487 0
-42 -92 -486 0
-42 -92 486 0
-42 -67 -485 0
-42 -67 485 0
-17 -142 -484 0
-17 -142 484 0
-17 -117 -483 0
-17 -117 483 0
-17 -92 -482 0
-17 -92 482 0
-17 -67 -481 0
-17 -67 481 0
-17 -42 -480 0
-17 -42 480 0
-166 -478 -479 0
-166 478 -479 0
-166 -478 479 0
-166 478 479 0
-477 116 141 0
-476 91 477 0
-475 66 476 0
16 41 475 0
-116 -141 -474 0
-116 -141 474 0
-91 -141 -473 0
-91 -141 473 0
-91 -116 -472 0
-91 -116 472 0
-66 -141 -471 0
-66 -141 471 0
-66 -116 -470 0
-66 -116 470 0
-66 -91 -469 0
-66 -91 469 0
-41 -141 -468 0
-41 -141 468 0
-41 -116 -467 0
-41 -116 467 0
-41 -91 -466 0
-41 -91 466 0
-41 -66 -465 0
-41 -66 465 0
-16 -141 -464 0
-16 -141 464 0
-16 -116 -463 0
-16 -116 463 0
-16 -91 -462 0
-16 -91 462 0
-16 -66 -461 0
-16 -66 461 0
-16 -41 -460 0
-16 -41 460 0
-162 -458 -459 0
-162 458 -459 0
-162 -458 459 0
-162 458 459 0
-457 112 137 0
-456 87 457 0
-455 62 456 0
12 37 455 0
-112 -137 -454 0
-112 -137 454 0
-87 -137 -453 0
-87 -137 453 0
-87 -112 -452 0
-87 -112 452 0
-62 -137 -451 0
-62 -137 451 0
-62 -112 -450 0
-62 -112 450 0
-62 -87 -449 0
-62 -87 449 0
-37 -137 -448 0
-37 -137 448 0
-37 -112 -447 0
-37 -112 447 0
-37 -87 -446 0
-37 -87 446 0
-37 -62 -445 0
-37 -62 445 0
-12 -137 -444 0
-12 -137 444 0
-12 -112 -443 0
-12 -112 443 0
-12 -87 -442 0
-12 -87 442 0
-12 -62 -441 0
-12 -62 441 0
-12 -37 -440 0
-12 -37 440 0
-161 -438 -439 0
-161 438 -439 0
-161 -438 439 0
-161 438 439 0
-437 111 136 0
-436 86 437 0
-435 61 436 0
11 36 435 0
-111 -136 -434 0
-111 -136 434 0
-86 -136 -433 0
-86 -136 433 0
-86 -111 -432 0
-86 -111 432 0
-61 -136 -431 0
-61 -136 431 0
-61 -111 -430 0
-61 -111 430 0
-61 -86 -429 0
-61 -86 429 0
-36 -136 -428 0
-36 -136 428 0
-36 -111 -427 0
-36 -111 427 0
-36 -86 -426 0
-36 -86 426 0
-36 -61 -425 0
-36 -61 425 0
-11 -136 -424 0
-11 -136 424 0
-11 -111 -423 0
-11 -111 423 0
-11 -86 -422 0
-11 -86 422 0
-11 -61 -421 0
-11 -61 421 0
-11 -36 -420 0
-11 -36 420 0
-155 -418 -419 0
-155 418 -419 0
-155 -418 419 0
-155 418 419 0
-130 -416 -417 0
-130 416 -417 0
-130 -416 417 0
-130 416 417 0
-105 -414 -415 0
-105 414 -415 0
-105 -414 415 0
-105 414 415 0
-80 -412 -413 0
-80 412 -413 0
-80 -412 413 0
-80 412 413 0
-55 -410 -411 0
-55 410 -411 0
-55 -410 411 0
-55 410 411 0
-30 -408 -409 0
-30 408 -409 0
-30 -408 409 0
-30 408 409 0
5 -406 -407 0
5 406 -407 0
5 -406 407 0
5 406 407 0
-405 138 163 0
-404 113 405 0
-403 88 404 0
-402 63 403 0
13 38 402 0
-138 -163 -401 0
-138 -163 401 0
-113 -163 -400 0
-113 -163 400 0
-113 -138 -399 0
-113 -138 399 0
-88 -163 -398 0
-88 -163 398 0
-88 -138 -397 0
-88 -138 397 0
-88 -113 -396 0
-88 -113 396 0
-63 -163 -395 0
-63 -163 395 0
-63 -138 -394 0
-63 -138 394 0
-63 -113 -393 0
-63 -113 393 0
-63 -88 -392 0
-63 -88 392 0
-38 -163 -391 0
-38 -163 391 0
-38 -138 -390 0
-38 -138 390 0
-38 -113 -389 0
-38 -113 389 0
-38 -88 -388 0
-38 -88 388 0
-38 -63 -387 0
-38 -63 387 0
-13 -163 -386 0
-13 -163 386 0
-13 -138 -385 0
-13 -138 385 0
-13 -113 -384 0
-13 -113 384 0
-13 -88 -383 0
-13 -88 383 0
-13 -63 -382 0
-13 -63 382 0
-13 -38 -381 0
-13 -38 381 0
-380 135 160 0
-379 110 380 0
-378 85 379 0
-377 60 378 0
10 35 377 0
-135 -160 -376 0
-135 -160 376 0
-110 -160 -375 0
-110 -160 375 0
-110 -135 -374 0
-110 -135 374 0
-85 -160 -373 0
-85 -160 373 0
-85 -135 -372 0
-85 -135 372 0
-85 -110 -371 0
-85 -110 371 0
-60 -160 -370 0
-60 -160 370 0
-60 -135 -369 0
-60 -135 369 0
-60 -110 -368 0
-60 -110 368 0
-60 -85 -367 0
-60 -85 367 0
-35 -160 -366 0
-35 -160 366 0
-35 -135 -365 0
-35 -135 365 0
-35 -110 -364 0
-35 -110 364 0
-35 -85 -363 0
-35 -85 363 0
-35 -60 -362 0
-35 -60 362 0
-10 -160 -361 0
-10 -160 361 0
-10 -135 -360 0
-10 -135 360 0
-10 -110 -359 0
-10 -110 359 0
-10 -85 -358 0
-10 -85 358 0
-10 -60 -357 0
-10 -60 357 0
-10 -35 -356 0
-10 -35 356 0
-355 134 159 0
-354 109 355 0
-353 84 354 0
-352 59 353 0
9 34 352 0
-134 -159 -351 0
-134 -159 351 0
-109 -159 -350 0
-109 -159 350 0
-109 -134 -349 0
-109 -134 349 0
-84 -159 -348 0
-84 -159 348 0
-84 -134 -347 0
-84 -134 347 0
-84 -109 -346 0
-84 -109 346 0
-59 -159 -345 0
-59 -159 345 0
-59 -134 -344 0
-59 -134 344 0
-59 -109 -343 0
-59 -109 343 0
-59 -84 -342 0
-59 -84 342 0
-34 -159 -341 0
-34 -159 341 0
-34 -134 -340 0
-34 -134 340 0
-34 -109 -339 0
-34 -109 339 0
-34 -84 -338 0
-34 -84 338 0
-34 -59 -337 0
-34 -59 337 0
-9 -159 -336 0
-9 -159 336 0
-9 -134 -335 0
-9 -134 335 0
-9 -109 -334 0
-9 -109 334 0
-9 -84 -333 0
-9 -84 333 0
-9 -59 -332 0
-9 -59 332 0
-9 -34 -331 0
-9 -34 331 0
-330 133 158 0
-329 108 330 0
-328 83 329 0
-327 58 328 0
8 33 327 0
-133 -158 -326 0
-133 -158 326 0
-108 -158 -325 0
-108 -158 325 0
-108 -133 -324 0
-108 -133 324 0
-83 -158 -323 0
-83 -158 323 0
-83 -133 -322 0
-83 -133 322 0
-83 -108 -321 0
-83 -108 321 0
-58 -158 -320 0
-58 -158 320 0
-58 -133 -319 0
-58 -133 319 0
-58 -108 -318 0
-58 -108 318 0
-58 -83 -317 0
-58 -83 317 0
-33 -158 -316 0
-33 -158 316 0
-33 -133 -315 0
-33 -133 315 0
-33 -108 -314 0
-33 -108 314 0
-33 -83 -313 0
-33 -83 313 0
-33 -58 -312 0
-33 -58 312 0
-8 -158 -311 0
-8 -158 311 0
-8 -133 -310 0
-8 -133 310 0
-8 -108 -309 0
-8 -108 309 0
-8 -83 -308 0
-8 -83 308 0
-8 -58 -307 0
-8 -58 307 0
-8 -33 -306 0
-8 -33 306 0
-305 132 157 0
-304 107 305 0
-303 82 304 0
-302 57 303 0
7 32 302 0
-132 -157 -301 0
-132 -157 301 0
-107 -157 -300 0
-107 -157 300 0
-107 -132 -299 0
-107 -132 299 0
-82 -157 -298 0
-82 -157 298 0
-82 -132 -297 0
-82 -132 297 0
-82 -107 -296 0
-82 -107 296 0
-57 -157 -295 0
-57 -157 295 0
-57 -132 -294 0
-57 -132 294 0
-57 -107 -293 0
-57 -107 293 0
-57 -82 -292 0
-57 -82 292 0
-32 -157 -291 0
-32 -157 291 0
-32 -132 -290 0
-32 -132 290 0
-32 -107 -289 0
-32 -107 289 0
-32 -82 -288 0
-32 -82 288 0
-32 -57 -287 0
-32 -57 287 0
-7 -157 -286 0
-7 -157 286 0
-7 -132 -285 0
-7 -132 285 0
-7 -107 -284 0
-7 -107 284 0
-7 -82 -283 0
-7 -82 283 0
-7 -57 -282 0
-7 -57 282 0
-7 -32 -281 0
-7 -32 281 0
-280 129 154 0
-279 104 280 0
-278 79 279 0
-277 54 278 0
4 29 277 0
-129 -154 -276 0
-129 -154 276 0
-104 -154 -275 0
-104 -154 275 0
-104 -129 -274 0
-104 -129 274 0
-79 -154 -273 0
-79 -154 273 0
-79 -129 -272 0
-79 -129 272 0
-79 -104 -271 0
-79 -104 271 0
-54 -154 -270 0
-54 -154 270 0
-54 -129 -269 0
-54 -129 269 0
-54 -104 -268 0
-54 -104 268 0
-54 -79 -267 0
-54 -79 267 0
-29 -154 -266 0
-29 -154 266 0
-29 -129 -265 0
-29 -129 265 0
-29 -104 -264 0
-29 -104 264 0
-29 -79 -263 0
-29 -79 263 0
-29 -54 -262 0
-29 -54 262 0
-4 -154 -261 0
-4 -154 261 0
-4 -129 -260 0
-4 -129 260 0
-4 -104 -259 0
-4 -104 259 0
-4 -79 -258 0
-4 -79 258 0
-4 -54 -257 0
-4 -54 257 0
-4 -29 -256 0
-4 -29 256 0
-255 128 153 0
-254 103 255 0
-253 78 254 0
-252 53 253 0
3 28 252 0
-128 -153 -251 0
-128 -153 251 0
-103 -153 -250 0
-103 -153 250 0
-103 -128 -249 0
-103 -128 249 0
-78 -153 -248 0
-78 -153 248 0
-78 -128 -247 0
-78 -128 247 0
-78 -103 -246 0
-78 -103 246 0
-53 -153 -245 0
-53 -153 245 0
-53 -128 -244 0
-53 -128 244 0
-53 -103 -243 0
-53 -103 243 0
-53 -78 -242 0
-53 -78 242 0
-28 -153 -241 0
-28 -153 241 0
-28 -128 -240 0
-28 -128 240 0
-28 -103 -239 0
-28 -103 239 0
-28 -78 -238 0
-28 -78 238 0
-28 -53 -237 0
-28 -53 237 0
-3 -153 -236 0
-3 -153 236 0
-3 -128 -235 0
-3 -128 235 0
-3 -103 -234 0
-3 -103 234 0
-3 -78 -233 0
-3 -78 233 0
-3 -53 -232 0
-3 -53 232 0
-3 -28 -231 0
-3 -28 231 0
-156 -229 -230 0
-156 229 -230 0
-156 -229 230 0
-156 229 230 0
-131 -227 -228 0
-131 227 -228 0
-131 -227 228 0
-131 227 228 0
-106 -225 -226 0
-106 225 -226 0
-106 -225 226 0
-106 225 226 0
-81 -223 -224 0
-81 223 -224 0
-81 -223 224 0
-81 223 224 0
6 31 56 0
-31 -56 -222 0
-31 -56 222 0
-6 -56 -221 0
-6 -56 221 0
-6 -31 -220 0
-6 -31 220 0
-152 -218 -219 0
-152 218 -219 0
-152 -218 219 0
-152 218 219 0
-127 -216 -217 0
-127 216 -217 0
-127 -216 217 0
-127 216 217 0
-102 -214 -215 0
-102 214 -215 0
-102 -214 215 0
-102 214 215 0
-77 -212 -213 0
-77 212 -213 0
-77 -212 213 0
-77 212 213 0
2 27 52 0
-27 -52 -211 0
-27 -52 211 0
-2 -52 -210 0
-2 -52 210 0
-2 -27 -209 0
-2 -27 209 0
-151 -207 -208 0
-151 207 -208 0
-151 -207 208 0
-151 207 208 0
-126 -205 -206 0
-126 205 -206 0
-126 -205 206 0
-126 205 206 0
-101 -203 -204 0
-101 203 -204 0
-101 -203 204 0
-101 203 204 0
-76 -201 -202 0
-76 201 -202 0
-76 -201 202 0
-76 201 202 0
1 26 51 0
-26 -51 -200 0
-26 -51 200 0
-1 -51 -199 0
-1 -51 199 0
-1 -26 -198 0
-1 -26 198 0
25 -196 -197 0
25 196 -197 0
25 -196 197 0
25 196 197 0
74 -194 -195 0
74 194 -195 0
74 -194 195 0
74 194 195 0
43 -192 -193 0
43 192 -193 0
43 -192 193 0
43 192 193 0
17 -190 -191 0
17 190 -191 0
17 -190 191 0
17 190 191 0
41 -188 -189 0
41 188 -189 0
41 -188 189 0
41 188 189 0
40 -186 -187 0
40 186 -187 0
40 -186 187 0
40 186 187 0
37 -184 -185 0
37 184 -185 0
37 -184 185 0
37 184 185 0
11 -182 -183 0
11 182 -183 0
11 -182 183 0
11 182 183 0
7 -180 -181 0
7 180 -181 0
7 -180 181 0
7 180 181 0
78 -178 -179 0
78 178 -179 0
78 -178 179 0
78 178 179 0
1 -176 -177 0
1 176 -177 0
1 -176 177 0
1 176 177 0
